<?xml version="1.0" encoding="UTF-8"?>
<testng-results ignored="0" total="2" passed="2" failed="0" skipped="0">
  <reporter-output>
  </reporter-output>
  <suite started-at="2022-06-22T13:48:05 CEST" name="Suite" finished-at="2022-06-22T13:48:05 CEST" duration-ms="15">
    <groups>
    </groups>
    <test started-at="2022-06-22T13:48:05 CEST" name="Test" finished-at="2022-06-22T13:48:05 CEST" duration-ms="15">
      <class name="com.project.testCases.Test1">
        <test-method is-config="true" signature="setup()[pri:0, instance:com.project.testCases.Test1@7b02881e]" started-at="2022-06-22T13:48:03 CEST" name="setup" finished-at="2022-06-22T13:48:05 CEST" duration-ms="2038" status="PASS">
          <reporter-output>
          </reporter-output>
        </test-method> <!-- setup -->
        <test-method signature="test_1()[pri:0, instance:com.project.testCases.Test1@7b02881e]" started-at="2022-06-22T13:48:05 CEST" name="test_1" finished-at="2022-06-22T13:48:05 CEST" duration-ms="0" status="PASS">
          <reporter-output>
          </reporter-output>
        </test-method> <!-- test_1 -->
        <test-method signature="test_2()[pri:0, instance:com.project.testCases.Test1@7b02881e]" started-at="2022-06-22T13:48:05 CEST" name="test_2" finished-at="2022-06-22T13:48:05 CEST" duration-ms="0" status="PASS">
          <reporter-output>
          </reporter-output>
        </test-method> <!-- test_2 -->
        <test-method is-config="true" signature="teardown()[pri:0, instance:com.project.testCases.Test1@7b02881e]" started-at="2022-06-22T13:48:05 CEST" name="teardown" finished-at="2022-06-22T13:48:06 CEST" duration-ms="555" status="PASS">
          <reporter-output>
          </reporter-output>
        </test-method> <!-- teardown -->
      </class> <!-- com.project.testCases.Test1 -->
    </test> <!-- Test -->
  </suite> <!-- Suite -->
</testng-results>
