<?xml version="1.0" encoding="UTF-8"?>
<testng-results ignored="0" total="1" passed="1" failed="0" skipped="0">
  <reporter-output>
  </reporter-output>
  <suite started-at="2022-06-22T12:05:11 CEST" name="Suite" finished-at="2022-06-22T12:05:11 CEST" duration-ms="19">
    <groups>
    </groups>
    <test started-at="2022-06-22T12:05:11 CEST" name="Test" finished-at="2022-06-22T12:05:11 CEST" duration-ms="19">
      <class name="com.project.testCases.Test1">
        <test-method is-config="true" signature="setup()[pri:0, instance:com.project.testCases.Test1@6392827e]" started-at="2022-06-22T12:05:09 CEST" name="setup" finished-at="2022-06-22T12:05:11 CEST" duration-ms="2029" status="PASS">
          <reporter-output>
          </reporter-output>
        </test-method> <!-- setup -->
        <test-method signature="test_1()[pri:0, instance:com.project.testCases.Test1@6392827e]" started-at="2022-06-22T12:05:11 CEST" name="test_1" finished-at="2022-06-22T12:05:11 CEST" duration-ms="3" status="PASS">
          <reporter-output>
          </reporter-output>
        </test-method> <!-- test_1 -->
        <test-method is-config="true" signature="teardown()[pri:0, instance:com.project.testCases.Test1@6392827e]" started-at="2022-06-22T12:05:11 CEST" name="teardown" finished-at="2022-06-22T12:05:12 CEST" duration-ms="555" status="PASS">
          <reporter-output>
          </reporter-output>
        </test-method> <!-- teardown -->
      </class> <!-- com.project.testCases.Test1 -->
    </test> <!-- Test -->
  </suite> <!-- Suite -->
</testng-results>
